<?xml version="1.0" encoding="UTF-8"?>
<testng-results ignored="0" total="1" passed="1" failed="0" skipped="0">
  <reporter-output>
  </reporter-output>
  <suite started-at="2023-09-18T13:05:13 IDT" name="Default suite" finished-at="2023-09-18T13:05:41 IDT" duration-ms="28932">
    <groups>
    </groups>
    <test started-at="2023-09-18T13:05:13 IDT" name="Default test" finished-at="2023-09-18T13:05:41 IDT" duration-ms="28932">
      <class name="Main.TC">
        <test-method is-config="true" signature="setup()[pri:0, instance:Main.TC@cc43f62]" started-at="2023-09-18T13:05:13 IDT" name="setup" finished-at="2023-09-18T13:05:14 IDT" duration-ms="1443" status="PASS">
          <reporter-output>
          </reporter-output>
        </test-method> <!-- setup -->
        <test-method signature="testLogin()[pri:1, instance:Main.TC@cc43f62]" started-at="2023-09-18T13:05:14 IDT" name="testLogin" finished-at="2023-09-18T13:05:41 IDT" duration-ms="27199" status="PASS">
          <reporter-output>
          </reporter-output>
        </test-method> <!-- testLogin -->
        <test-method is-config="true" signature="tearDown()[pri:0, instance:Main.TC@cc43f62]" started-at="2023-09-18T13:05:41 IDT" name="tearDown" finished-at="2023-09-18T13:05:41 IDT" duration-ms="252" status="PASS">
          <reporter-output>
          </reporter-output>
        </test-method> <!-- tearDown -->
      </class> <!-- Main.TC -->
    </test> <!-- Default test -->
  </suite> <!-- Default suite -->
</testng-results>
